<?xml version="1.0" encoding="UTF-8"?>
<!-- Generated by org.testng.reporters.JUnitReportReporter -->
<testsuite hostname="Narendra-PC" name="freeCRMDemo.TestScenarios.LoginTest" tests="1" failures="0" timestamp="7 Dec 2018 02:57:33 GMT" time="36.067" errors="0">
  <testcase name="LoginToGmail" time="36.067" classname="freeCRMDemo.TestScenarios.LoginTest"/>
</testsuite> <!-- freeCRMDemo.TestScenarios.LoginTest -->
