<?xml version="1.0" encoding="UTF-8"?>
<!-- Generated by org.testng.reporters.JUnitReportReporter -->
<testsuite hostname="Hp" name="TestNgClass.propertyfile" tests="1" failures="0" timestamp="30 Sep 2018 06:11:16 GMT" time="0.016" errors="0">
  <testcase name="file" time="0.016" classname="TestNgClass.propertyfile"/>
</testsuite> <!-- TestNgClass.propertyfile -->
