<?xml version="1.0" encoding="UTF-8"?>
<!-- Generated by org.testng.reporters.JUnitReportReporter -->
<testsuite hostname="Hp" name="TestNgClass.DataProvider1" tests="2" failures="0" timestamp="24 Oct 2018 17:09:58 GMT" time="0.019" errors="0">
  <testcase name="abc" time="0.014" classname="TestNgClass.DataProvider1"/>
  <testcase name="abc" time="0.005" classname="TestNgClass.DataProvider1"/>
</testsuite> <!-- TestNgClass.DataProvider1 -->
