<?xml version="1.0" encoding="UTF-8"?>
<!-- Generated by org.testng.reporters.JUnitReportReporter -->
<testsuite hostname="Hp" name="TestNgClass.TestNgClass2" tests="4" failures="0" timestamp="30 Sep 2018 04:09:14 GMT" time="0.024" errors="0">
  <testcase name="x" time="0.004" classname="TestNgClass.TestNgClass2"/>
  <testcase name="y" time="0.007" classname="TestNgClass.TestNgClass2"/>
  <testcase name="v" time="0.006" classname="TestNgClass.TestNgClass2"/>
  <testcase name="l" time="0.007" classname="TestNgClass.TestNgClass2"/>
</testsuite> <!-- TestNgClass.TestNgClass2 -->
