<?xml version="1.0" encoding="UTF-8"?>
<!-- Generated by org.testng.reporters.JUnitReportReporter -->
<testsuite hostname="Hp" name="TestNgClass.FreeCRMSignUP" tests="1" failures="0" timestamp="28 Oct 2018 06:17:12 GMT" time="36.023" errors="0">
  <testcase name="FreeCRMLogin" time="36.023" classname="TestNgClass.FreeCRMSignUP"/>
</testsuite> <!-- TestNgClass.FreeCRMSignUP -->
